Build started 15/06/2016 16:37:23.
     1>Project "C:\Soraia\Dados\Coding\DisciplinaCGI\Animation\Animation\Animation.vcxproj" on node 2 (Build target(s)).
     1>ClCompile:
         C:\Program Files (x86)\Microsoft Visual Studio 14.0\VC\bin\CL.exe /c /IC:\Soraia\Dados\Coding\DisciplinaCGI\Animation\packages\nupengl.core.0.1.0.1\build\native\../..//build/native/include/ /ZI /nologo /W3 /WX- /Od /Oy- /D WIN32 /D _DEBUG /D _CONSOLE /D _UNICODE /D UNICODE /Gm /EHsc /RTC1 /MDd /GS /fp:precise /Zc:wchar_t /Zc:forScope /Zc:inline /Fo"Debug\\" /Fd"Debug\vc140.pdb" /Gd /TP /analyze- /errorReport:prompt ..\main.cpp
         main.cpp
     1>c:\soraia\dados\coding\disciplinacgi\animation\main.cpp(11): warning C4305: 'initializing': truncation from 'double' to 'float'
     1>c:\soraia\dados\coding\disciplinacgi\animation\main.cpp(60): warning C4305: 'argument': truncation from 'double' to 'GLfloat'
     1>c:\soraia\dados\coding\disciplinacgi\animation\main.cpp(67): warning C4305: 'argument': truncation from 'double' to 'GLfloat'
     1>c:\soraia\dados\coding\disciplinacgi\animation\main.cpp(135): warning C4244: '=': conversion from 'double' to 'GLfloat', possible loss of data
     1>c:\soraia\dados\coding\disciplinacgi\animation\main.cpp(136): warning C4244: '=': conversion from 'double' to 'GLfloat', possible loss of data
     1>c:\soraia\dados\coding\disciplinacgi\animation\main.cpp(143): warning C4244: '=': conversion from 'double' to 'GLfloat', possible loss of data
     1>c:\soraia\dados\coding\disciplinacgi\animation\main.cpp(151): warning C4244: '=': conversion from 'double' to 'GLfloat', possible loss of data
     1>c:\soraia\dados\coding\disciplinacgi\animation\main.cpp(152): warning C4244: '=': conversion from 'double' to 'GLfloat', possible loss of data
     1>c:\soraia\dados\coding\disciplinacgi\animation\main.cpp(173): warning C4305: '=': truncation from 'double' to 'float'
     1>c:\soraia\dados\coding\disciplinacgi\animation\main.cpp(174): warning C4305: '=': truncation from 'double' to 'float'
       Link:
         C:\Program Files (x86)\Microsoft Visual Studio 14.0\VC\bin\link.exe /ERRORREPORT:PROMPT /OUT:"C:\Soraia\Dados\Coding\DisciplinaCGI\Animation\Debug\Animation.exe" /INCREMENTAL /NOLOGO C:\Soraia\Dados\Coding\DisciplinaCGI\Animation\packages\nupengl.core.0.1.0.1\build\native\../..//build/native/lib/Win32\glew32.lib C:\Soraia\Dados\Coding\DisciplinaCGI\Animation\packages\nupengl.core.0.1.0.1\build\native\../..//build/native/lib/Win32\glfw3dll.lib C:\Soraia\Dados\Coding\DisciplinaCGI\Animation\packages\nupengl.core.0.1.0.1\build\native\../..//build/native/lib/Win32\freeglut.lib kernel32.lib user32.lib gdi32.lib winspool.lib comdlg32.lib advapi32.lib shell32.lib ole32.lib oleaut32.lib uuid.lib odbc32.lib odbccp32.lib /MANIFEST /MANIFESTUAC:"level='asInvoker' uiAccess='false'" /manifest:embed /Debug /PDB:"C:\Soraia\Dados\Coding\DisciplinaCGI\Animation\Debug\Animation.pdb" /SUBSYSTEM:CONSOLE /TLBID:1 /DYNAMICBASE /NXCOMPAT /IMPLIB:"C:\Soraia\Dados\Coding\DisciplinaCGI\Animation\Debug\Animation.lib" /MACHINE:X86 Debug\main.obj
         Animation.vcxproj -> C:\Soraia\Dados\Coding\DisciplinaCGI\Animation\Debug\Animation.exe
     1>Done Building Project "C:\Soraia\Dados\Coding\DisciplinaCGI\Animation\Animation\Animation.vcxproj" (Build target(s)).

Build succeeded.

Time Elapsed 00:00:01.08
